mode: set
github.com/eshamow/gproject/cmd/web/main.go:54.36,58.2 1 1
github.com/eshamow/gproject/cmd/web/main.go:60.80,68.50 5 1
github.com/eshamow/gproject/cmd/web/main.go:68.50,70.30 2 1
github.com/eshamow/gproject/cmd/web/main.go:70.30,71.23 1 1
github.com/eshamow/gproject/cmd/web/main.go:71.23,73.5 1 1
github.com/eshamow/gproject/cmd/web/main.go:75.3,75.27 1 1
github.com/eshamow/gproject/cmd/web/main.go:79.2,79.36 1 1
github.com/eshamow/gproject/cmd/web/main.go:79.36,81.3 1 1
github.com/eshamow/gproject/cmd/web/main.go:84.2,85.13 2 1
github.com/eshamow/gproject/cmd/web/main.go:132.13,134.40 1 0
github.com/eshamow/gproject/cmd/web/main.go:134.40,136.3 1 0
github.com/eshamow/gproject/cmd/web/main.go:138.2,153.16 3 0
github.com/eshamow/gproject/cmd/web/main.go:153.16,155.3 1 0
github.com/eshamow/gproject/cmd/web/main.go:156.2,159.49 2 0
github.com/eshamow/gproject/cmd/web/main.go:159.49,162.3 2 0
github.com/eshamow/gproject/cmd/web/main.go:165.2,174.29 4 0
github.com/eshamow/gproject/cmd/web/main.go:174.29,177.17 2 0
github.com/eshamow/gproject/cmd/web/main.go:177.17,179.4 1 0
github.com/eshamow/gproject/cmd/web/main.go:180.3,180.22 1 0
github.com/eshamow/gproject/cmd/web/main.go:183.2,223.87 24 0
github.com/eshamow/gproject/cmd/web/main.go:223.87,225.3 1 0
github.com/eshamow/gproject/cmd/web/main.go:228.2,239.32 6 0
github.com/eshamow/gproject/cmd/web/main.go:239.32,241.3 1 0
github.com/eshamow/gproject/cmd/web/main.go:242.2,242.58 1 0
github.com/eshamow/gproject/cmd/web/main.go:245.68,247.23 1 0
github.com/eshamow/gproject/cmd/web/main.go:247.23,250.3 2 0
github.com/eshamow/gproject/cmd/web/main.go:252.2,254.17 2 0
github.com/eshamow/gproject/cmd/web/main.go:254.17,257.3 2 0
github.com/eshamow/gproject/cmd/web/main.go:259.2,263.89 2 0
github.com/eshamow/gproject/cmd/web/main.go:263.89,265.3 1 0
github.com/eshamow/gproject/cmd/web/main.go:268.73,273.52 3 0
github.com/eshamow/gproject/cmd/web/main.go:273.52,275.3 1 0
github.com/eshamow/gproject/cmd/web/main.go:278.2,301.94 5 0
github.com/eshamow/gproject/cmd/web/main.go:301.94,303.3 1 0
github.com/eshamow/gproject/cmd/web/main.go:306.69,309.55 2 1
github.com/eshamow/gproject/cmd/web/main.go:309.55,311.3 1 0
github.com/eshamow/gproject/cmd/web/main.go:313.2,313.67 1 1
github.com/eshamow/gproject/cmd/web/main.go:313.67,316.3 2 1
github.com/eshamow/gproject/cmd/web/main.go:318.2,334.44 5 1
github.com/eshamow/gproject/cmd/web/main.go:334.44,336.3 1 1
github.com/eshamow/gproject/cmd/web/main.go:336.8,338.3 1 0
github.com/eshamow/gproject/cmd/web/main.go:339.2,339.56 1 1
github.com/eshamow/gproject/cmd/web/main.go:342.70,345.16 2 0
github.com/eshamow/gproject/cmd/web/main.go:345.16,348.3 1 0
github.com/eshamow/gproject/cmd/web/main.go:351.2,358.47 2 0
github.com/eshamow/gproject/cmd/web/main.go:361.72,363.44 1 0
github.com/eshamow/gproject/cmd/web/main.go:363.44,368.21 4 0
github.com/eshamow/gproject/cmd/web/main.go:368.21,370.4 1 0
github.com/eshamow/gproject/cmd/web/main.go:371.3,371.77 1 0
github.com/eshamow/gproject/cmd/web/main.go:372.8,374.3 1 0
github.com/eshamow/gproject/cmd/web/main.go:377.2,378.67 2 0
github.com/eshamow/gproject/cmd/web/main.go:378.67,379.45 1 0
github.com/eshamow/gproject/cmd/web/main.go:379.45,382.4 1 0
github.com/eshamow/gproject/cmd/web/main.go:383.3,384.9 2 0
github.com/eshamow/gproject/cmd/web/main.go:387.2,388.35 2 0
github.com/eshamow/gproject/cmd/web/main.go:388.35,391.3 2 0
github.com/eshamow/gproject/cmd/web/main.go:392.2,395.16 3 0
github.com/eshamow/gproject/cmd/web/main.go:395.16,399.3 3 0
github.com/eshamow/gproject/cmd/web/main.go:400.2,400.44 1 0
github.com/eshamow/gproject/cmd/web/main.go:400.44,402.3 1 0
github.com/eshamow/gproject/cmd/web/main.go:405.2,407.16 3 0
github.com/eshamow/gproject/cmd/web/main.go:407.16,411.3 3 0
github.com/eshamow/gproject/cmd/web/main.go:412.2,412.44 1 0
github.com/eshamow/gproject/cmd/web/main.go:412.44,414.3 1 0
github.com/eshamow/gproject/cmd/web/main.go:415.2,425.71 3 0
github.com/eshamow/gproject/cmd/web/main.go:425.71,428.3 2 0
github.com/eshamow/gproject/cmd/web/main.go:431.2,431.28 1 0
github.com/eshamow/gproject/cmd/web/main.go:431.28,433.17 2 0
github.com/eshamow/gproject/cmd/web/main.go:433.17,440.62 3 0
github.com/eshamow/gproject/cmd/web/main.go:440.62,441.30 1 0
github.com/eshamow/gproject/cmd/web/main.go:441.30,442.33 1 0
github.com/eshamow/gproject/cmd/web/main.go:442.33,444.12 2 0
github.com/eshamow/gproject/cmd/web/main.go:452.2,452.28 1 0
github.com/eshamow/gproject/cmd/web/main.go:452.28,454.3 1 0
github.com/eshamow/gproject/cmd/web/main.go:457.2,458.16 2 0
github.com/eshamow/gproject/cmd/web/main.go:458.16,461.3 2 0
github.com/eshamow/gproject/cmd/web/main.go:464.2,464.44 1 0
github.com/eshamow/gproject/cmd/web/main.go:464.44,466.3 1 0
github.com/eshamow/gproject/cmd/web/main.go:467.2,479.16 2 0
github.com/eshamow/gproject/cmd/web/main.go:479.16,483.3 3 0
github.com/eshamow/gproject/cmd/web/main.go:484.2,484.44 1 0
github.com/eshamow/gproject/cmd/web/main.go:484.44,486.3 1 0
github.com/eshamow/gproject/cmd/web/main.go:489.2,491.16 3 0
github.com/eshamow/gproject/cmd/web/main.go:491.16,494.3 2 0
github.com/eshamow/gproject/cmd/web/main.go:497.2,503.16 3 0
github.com/eshamow/gproject/cmd/web/main.go:503.16,506.3 2 0
github.com/eshamow/gproject/cmd/web/main.go:511.2,529.44 3 0
github.com/eshamow/gproject/cmd/web/main.go:529.44,531.3 1 0
github.com/eshamow/gproject/cmd/web/main.go:531.8,533.3 1 0
github.com/eshamow/gproject/cmd/web/main.go:534.2,534.56 1 0
github.com/eshamow/gproject/cmd/web/main.go:537.70,542.52 3 0
github.com/eshamow/gproject/cmd/web/main.go:542.52,544.3 1 0
github.com/eshamow/gproject/cmd/web/main.go:546.2,558.91 2 0
github.com/eshamow/gproject/cmd/web/main.go:558.91,561.3 2 0
github.com/eshamow/gproject/cmd/web/main.go:564.68,565.33 1 0
github.com/eshamow/gproject/cmd/web/main.go:565.33,568.3 2 0
github.com/eshamow/gproject/cmd/web/main.go:570.2,571.17 2 0
github.com/eshamow/gproject/cmd/web/main.go:571.17,574.3 2 0
github.com/eshamow/gproject/cmd/web/main.go:577.2,578.21 2 0
github.com/eshamow/gproject/cmd/web/main.go:578.21,580.3 1 0
github.com/eshamow/gproject/cmd/web/main.go:582.2,582.42 1 0
github.com/eshamow/gproject/cmd/web/main.go:582.42,585.3 2 0
github.com/eshamow/gproject/cmd/web/main.go:588.2,590.123 2 0
github.com/eshamow/gproject/cmd/web/main.go:593.48,604.16 6 0
github.com/eshamow/gproject/cmd/web/main.go:604.16,607.3 2 0
github.com/eshamow/gproject/cmd/web/main.go:608.2,626.69 3 0
github.com/eshamow/gproject/cmd/web/main.go:626.69,629.3 2 0
github.com/eshamow/gproject/cmd/web/main.go:632.2,653.16 2 0
github.com/eshamow/gproject/cmd/web/main.go:653.16,655.3 1 0
github.com/eshamow/gproject/cmd/web/main.go:658.2,661.6 3 0
github.com/eshamow/gproject/cmd/web/main.go:661.6,666.17 3 0
github.com/eshamow/gproject/cmd/web/main.go:666.17,669.4 2 0
github.com/eshamow/gproject/cmd/web/main.go:670.3,699.68 3 0
github.com/eshamow/gproject/cmd/web/main.go:699.68,701.9 2 0
github.com/eshamow/gproject/cmd/web/main.go:704.3,704.23 1 0
github.com/eshamow/gproject/cmd/web/main.go:704.23,705.9 1 0
github.com/eshamow/gproject/cmd/web/main.go:709.3,709.32 1 0
github.com/eshamow/gproject/cmd/web/main.go:709.32,711.32 1 0
github.com/eshamow/gproject/cmd/web/main.go:711.32,712.13 1 0
github.com/eshamow/gproject/cmd/web/main.go:715.4,718.29 3 0
github.com/eshamow/gproject/cmd/web/main.go:718.29,720.5 1 0
github.com/eshamow/gproject/cmd/web/main.go:722.4,723.30 2 0
github.com/eshamow/gproject/cmd/web/main.go:723.30,725.5 1 0
github.com/eshamow/gproject/cmd/web/main.go:727.4,749.18 2 0
github.com/eshamow/gproject/cmd/web/main.go:749.18,751.5 1 0
github.com/eshamow/gproject/cmd/web/main.go:751.10,753.5 1 0
github.com/eshamow/gproject/cmd/web/main.go:756.3,757.24 2 0
github.com/eshamow/gproject/cmd/web/main.go:757.24,758.9 1 0
github.com/eshamow/gproject/cmd/web/main.go:762.2,762.51 1 0
github.com/eshamow/gproject/cmd/web/main.go:766.73,774.46 5 0
github.com/eshamow/gproject/cmd/web/main.go:774.46,775.106 1 0
github.com/eshamow/gproject/cmd/web/main.go:775.107,777.4 0 0
github.com/eshamow/gproject/cmd/web/main.go:777.9,779.4 1 0
github.com/eshamow/gproject/cmd/web/main.go:782.2,782.47 1 0
github.com/eshamow/gproject/cmd/web/main.go:782.47,783.92 1 0
github.com/eshamow/gproject/cmd/web/main.go:783.93,785.4 0 0
github.com/eshamow/gproject/cmd/web/main.go:785.9,787.4 1 0
github.com/eshamow/gproject/cmd/web/main.go:791.2,800.35 3 0
github.com/eshamow/gproject/cmd/web/main.go:800.35,803.3 2 0
github.com/eshamow/gproject/cmd/web/main.go:805.2,809.16 4 0
github.com/eshamow/gproject/cmd/web/main.go:809.16,812.3 2 0
github.com/eshamow/gproject/cmd/web/main.go:813.2,833.18 4 0
github.com/eshamow/gproject/cmd/web/main.go:833.18,844.17 5 0
github.com/eshamow/gproject/cmd/web/main.go:844.17,846.12 2 0
github.com/eshamow/gproject/cmd/web/main.go:849.3,849.21 1 0
github.com/eshamow/gproject/cmd/web/main.go:849.21,851.4 1 0
github.com/eshamow/gproject/cmd/web/main.go:852.3,852.22 1 0
github.com/eshamow/gproject/cmd/web/main.go:852.22,854.4 1 0
github.com/eshamow/gproject/cmd/web/main.go:855.3,855.21 1 0
github.com/eshamow/gproject/cmd/web/main.go:855.21,857.4 1 0
github.com/eshamow/gproject/cmd/web/main.go:859.3,859.33 1 0
github.com/eshamow/gproject/cmd/web/main.go:863.2,865.35 3 0
github.com/eshamow/gproject/cmd/web/main.go:865.35,868.3 2 0
github.com/eshamow/gproject/cmd/web/main.go:868.8,870.3 1 0
github.com/eshamow/gproject/cmd/web/main.go:872.2,872.16 1 0
github.com/eshamow/gproject/cmd/web/main.go:872.16,874.3 1 0
github.com/eshamow/gproject/cmd/web/main.go:877.2,887.37 3 0
github.com/eshamow/gproject/cmd/web/main.go:891.79,895.17 3 0
github.com/eshamow/gproject/cmd/web/main.go:895.17,898.3 2 0
github.com/eshamow/gproject/cmd/web/main.go:900.2,901.46 2 0
github.com/eshamow/gproject/cmd/web/main.go:901.46,902.105 1 0
github.com/eshamow/gproject/cmd/web/main.go:902.106,904.4 0 0
github.com/eshamow/gproject/cmd/web/main.go:904.9,906.4 1 0
github.com/eshamow/gproject/cmd/web/main.go:910.2,923.16 4 0
github.com/eshamow/gproject/cmd/web/main.go:923.16,926.3 2 0
github.com/eshamow/gproject/cmd/web/main.go:927.2,947.18 4 0
github.com/eshamow/gproject/cmd/web/main.go:947.18,958.17 5 0
github.com/eshamow/gproject/cmd/web/main.go:958.17,960.12 2 0
github.com/eshamow/gproject/cmd/web/main.go:963.3,963.21 1 0
github.com/eshamow/gproject/cmd/web/main.go:963.21,965.4 1 0
github.com/eshamow/gproject/cmd/web/main.go:966.3,966.22 1 0
github.com/eshamow/gproject/cmd/web/main.go:966.22,968.4 1 0
github.com/eshamow/gproject/cmd/web/main.go:969.3,969.21 1 0
github.com/eshamow/gproject/cmd/web/main.go:969.21,971.4 1 0
github.com/eshamow/gproject/cmd/web/main.go:973.3,973.33 1 0
github.com/eshamow/gproject/cmd/web/main.go:976.2,982.37 2 0
github.com/eshamow/gproject/cmd/web/main.go:986.77,998.34 5 1
github.com/eshamow/gproject/cmd/web/main.go:998.34,1000.3 1 1
github.com/eshamow/gproject/cmd/web/main.go:1003.2,1021.37 6 1
github.com/eshamow/gproject/cmd/web/main.go:1025.81,1053.2 6 0
github.com/eshamow/gproject/cmd/web/main.go:1056.71,1063.33 2 1
github.com/eshamow/gproject/cmd/web/main.go:1063.33,1067.3 3 1
github.com/eshamow/gproject/cmd/web/main.go:1070.2,1071.16 2 1
github.com/eshamow/gproject/cmd/web/main.go:1071.16,1075.3 3 0
github.com/eshamow/gproject/cmd/web/main.go:1076.2,1081.36 3 1
github.com/eshamow/gproject/cmd/web/main.go:1081.36,1083.22 2 1
github.com/eshamow/gproject/cmd/web/main.go:1083.22,1087.4 3 1
github.com/eshamow/gproject/cmd/web/main.go:1090.3,1091.26 2 1
github.com/eshamow/gproject/cmd/web/main.go:1091.26,1093.4 1 1
github.com/eshamow/gproject/cmd/web/main.go:1094.3,1095.56 2 1
github.com/eshamow/gproject/cmd/web/main.go:1095.56,1105.4 8 1
github.com/eshamow/gproject/cmd/web/main.go:1106.3,1106.57 1 1
github.com/eshamow/gproject/cmd/web/main.go:1110.2,1118.16 3 1
github.com/eshamow/gproject/cmd/web/main.go:1118.16,1120.3 1 0
github.com/eshamow/gproject/cmd/web/main.go:1123.2,1123.19 1 1
github.com/eshamow/gproject/cmd/web/main.go:1124.16,1125.34 1 1
github.com/eshamow/gproject/cmd/web/main.go:1126.14,1130.9 4 1
github.com/eshamow/gproject/cmd/web/main.go:1131.10,1132.60 1 0
github.com/eshamow/gproject/cmd/web/main.go:1135.2,1135.30 1 1
github.com/eshamow/gproject/cmd/web/main.go:1139.24,1140.11 1 0
github.com/eshamow/gproject/cmd/web/main.go:1140.11,1142.3 1 0
github.com/eshamow/gproject/cmd/web/main.go:1143.2,1143.10 1 0
github.com/eshamow/gproject/cmd/web/main.go:1147.81,1148.46 1 1
github.com/eshamow/gproject/cmd/web/main.go:1148.46,1150.3 1 1
github.com/eshamow/gproject/cmd/web/main.go:1152.2,1157.57 5 1
github.com/eshamow/gproject/cmd/web/main.go:1161.52,1191.56 2 1
github.com/eshamow/gproject/cmd/web/main.go:1191.56,1195.3 3 0
github.com/eshamow/gproject/cmd/web/main.go:1198.2,1199.54 1 1
github.com/eshamow/gproject/cmd/web/main.go:1199.54,1204.3 2 0
github.com/eshamow/gproject/cmd/web/main.go:1206.2,1212.39 3 1
github.com/eshamow/gproject/cmd/web/main.go:1212.39,1214.3 1 1
github.com/eshamow/gproject/cmd/web/main.go:1215.2,1219.33 3 1
github.com/eshamow/gproject/cmd/web/main.go:1219.33,1221.3 1 0
github.com/eshamow/gproject/cmd/web/main.go:1223.2,1232.16 2 1
github.com/eshamow/gproject/cmd/web/main.go:1232.16,1235.3 2 1
github.com/eshamow/gproject/cmd/web/main.go:1238.2,1250.125 2 1
github.com/eshamow/gproject/cmd/web/main.go:1254.67,1274.15 11 0
github.com/eshamow/gproject/cmd/web/main.go:1274.15,1279.3 4 0
github.com/eshamow/gproject/cmd/web/main.go:1282.2,1287.9 4 0
github.com/eshamow/gproject/cmd/web/main.go:1287.9,1290.3 2 0
github.com/eshamow/gproject/cmd/web/main.go:1293.2,1294.22 2 0
github.com/eshamow/gproject/cmd/web/main.go:1294.22,1296.3 1 0
github.com/eshamow/gproject/cmd/web/main.go:1297.2,1301.21 3 0
github.com/eshamow/gproject/cmd/web/main.go:1301.21,1313.3 6 0
github.com/eshamow/gproject/cmd/web/main.go:1316.2,1316.6 1 0
github.com/eshamow/gproject/cmd/web/main.go:1316.6,1317.10 1 0
github.com/eshamow/gproject/cmd/web/main.go:1318.29,1320.79 1 0
github.com/eshamow/gproject/cmd/web/main.go:1320.79,1325.5 3 0
github.com/eshamow/gproject/cmd/web/main.go:1327.19,1330.19 2 0
github.com/eshamow/gproject/cmd/web/main.go:1332.29,1334.10 1 0
github.com/eshamow/gproject/cmd/web/main.go:1340.46,1344.37 3 1
github.com/eshamow/gproject/cmd/web/main.go:1344.37,1345.10 1 1
github.com/eshamow/gproject/cmd/web/main.go:1346.22,1346.22 0 1
github.com/eshamow/gproject/cmd/web/main.go:1348.11,1348.11 0 0
github.com/eshamow/gproject/cmd/web/main.go:1355.39,1364.21 5 0
github.com/eshamow/gproject/cmd/web/main.go:1364.21,1366.3 1 0
github.com/eshamow/gproject/cmd/web/main.go:1370.42,1373.31 2 0
github.com/eshamow/gproject/cmd/web/main.go:1373.31,1376.3 2 0
github.com/eshamow/gproject/cmd/web/main.go:1377.2,1387.15 5 0
github.com/eshamow/gproject/cmd/web/main.go:1387.15,1402.3 5 0
github.com/eshamow/gproject/cmd/web/main.go:1405.2,1412.16 3 0
github.com/eshamow/gproject/cmd/web/main.go:1412.16,1418.3 5 0
github.com/eshamow/gproject/cmd/web/main.go:1421.2,1422.16 2 0
github.com/eshamow/gproject/cmd/web/main.go:1422.16,1428.3 5 0
github.com/eshamow/gproject/cmd/web/main.go:1431.2,1439.66 4 0
github.com/eshamow/gproject/cmd/web/main.go:1439.66,1442.3 2 0
github.com/eshamow/gproject/cmd/web/main.go:1442.8,1445.17 2 0
github.com/eshamow/gproject/cmd/web/main.go:1445.17,1448.18 2 0
github.com/eshamow/gproject/cmd/web/main.go:1448.18,1451.5 2 0
github.com/eshamow/gproject/cmd/web/main.go:1453.3,1453.25 1 0
github.com/eshamow/gproject/cmd/web/main.go:1453.25,1455.4 1 0
github.com/eshamow/gproject/cmd/web/main.go:1461.2,1482.6 12 0
github.com/eshamow/gproject/cmd/web/main.go:1482.6,1488.17 4 0
github.com/eshamow/gproject/cmd/web/main.go:1488.17,1490.9 2 0
github.com/eshamow/gproject/cmd/web/main.go:1493.3,1497.17 4 0
github.com/eshamow/gproject/cmd/web/main.go:1497.17,1502.9 5 0
github.com/eshamow/gproject/cmd/web/main.go:1506.3,1507.22 2 0
github.com/eshamow/gproject/cmd/web/main.go:1507.22,1508.52 1 0
github.com/eshamow/gproject/cmd/web/main.go:1508.52,1512.5 2 0
github.com/eshamow/gproject/cmd/web/main.go:1515.3,1515.39 1 0
github.com/eshamow/gproject/cmd/web/main.go:1515.39,1523.9 8 0
github.com/eshamow/gproject/cmd/web/main.go:1526.3,1528.17 3 0
github.com/eshamow/gproject/cmd/web/main.go:1528.17,1530.9 2 0
github.com/eshamow/gproject/cmd/web/main.go:1533.3,1534.55 2 0
github.com/eshamow/gproject/cmd/web/main.go:1534.55,1537.9 3 0
github.com/eshamow/gproject/cmd/web/main.go:1540.3,1540.23 1 0
github.com/eshamow/gproject/cmd/web/main.go:1540.23,1542.9 2 0
github.com/eshamow/gproject/cmd/web/main.go:1545.3,1547.22 2 0
github.com/eshamow/gproject/cmd/web/main.go:1547.22,1548.45 1 0
github.com/eshamow/gproject/cmd/web/main.go:1548.45,1549.51 1 0
github.com/eshamow/gproject/cmd/web/main.go:1549.51,1551.6 1 0
github.com/eshamow/gproject/cmd/web/main.go:1556.3,1556.32 1 0
github.com/eshamow/gproject/cmd/web/main.go:1556.32,1558.46 1 0
github.com/eshamow/gproject/cmd/web/main.go:1558.46,1559.13 1 0
github.com/eshamow/gproject/cmd/web/main.go:1562.4,1562.48 1 0
github.com/eshamow/gproject/cmd/web/main.go:1562.48,1564.13 2 0
github.com/eshamow/gproject/cmd/web/main.go:1566.4,1569.28 2 0
github.com/eshamow/gproject/cmd/web/main.go:1569.28,1580.5 4 0
github.com/eshamow/gproject/cmd/web/main.go:1584.3,1584.24 1 0
github.com/eshamow/gproject/cmd/web/main.go:1584.24,1585.9 1 0
github.com/eshamow/gproject/cmd/web/main.go:1587.3,1587.9 1 0
github.com/eshamow/gproject/cmd/web/main.go:1591.2,1597.16 2 0
github.com/eshamow/gproject/cmd/web/main.go:1597.16,1599.3 1 0
github.com/eshamow/gproject/cmd/web/main.go:1601.2,1605.74 4 0
github.com/eshamow/gproject/cmd/web/main.go:1609.64,1615.26 5 0
github.com/eshamow/gproject/cmd/web/main.go:1615.26,1617.3 1 0
github.com/eshamow/gproject/cmd/web/main.go:1618.2,1622.59 3 0
github.com/eshamow/gproject/cmd/web/main.go:1622.59,1623.32 1 0
github.com/eshamow/gproject/cmd/web/main.go:1623.32,1624.54 1 0
github.com/eshamow/gproject/cmd/web/main.go:1624.54,1625.50 1 0
github.com/eshamow/gproject/cmd/web/main.go:1625.50,1627.6 1 0
github.com/eshamow/gproject/cmd/web/main.go:1631.2,1635.30 3 0
github.com/eshamow/gproject/cmd/web/main.go:1635.30,1636.72 1 0
github.com/eshamow/gproject/cmd/web/main.go:1636.72,1637.54 1 0
github.com/eshamow/gproject/cmd/web/main.go:1637.54,1639.5 1 0
github.com/eshamow/gproject/cmd/web/main.go:1644.2,1645.60 2 0
github.com/eshamow/gproject/cmd/web/main.go:1645.60,1646.46 1 0
github.com/eshamow/gproject/cmd/web/main.go:1646.46,1648.4 1 0
github.com/eshamow/gproject/cmd/web/main.go:1652.2,1656.68 4 0
github.com/eshamow/gproject/cmd/web/main.go:1656.68,1659.3 2 0
github.com/eshamow/gproject/cmd/web/main.go:1662.2,1670.12 2 0
github.com/eshamow/gproject/cmd/web/main.go:1673.49,1685.2 1 1
github.com/eshamow/gproject/cmd/web/main.go:1687.55,1689.16 2 1
github.com/eshamow/gproject/cmd/web/main.go:1689.16,1691.3 1 1
github.com/eshamow/gproject/cmd/web/main.go:1693.2,1702.16 3 1
github.com/eshamow/gproject/cmd/web/main.go:1702.16,1704.3 1 1
github.com/eshamow/gproject/cmd/web/main.go:1705.2,1705.14 1 1
github.com/eshamow/gproject/cmd/web/main.go:1708.72,1709.54 1 1
github.com/eshamow/gproject/cmd/web/main.go:1709.54,1711.18 2 1
github.com/eshamow/gproject/cmd/web/main.go:1711.18,1713.80 1 0
github.com/eshamow/gproject/cmd/web/main.go:1713.80,1720.5 6 0
github.com/eshamow/gproject/cmd/web/main.go:1722.4,1722.46 1 0
github.com/eshamow/gproject/cmd/web/main.go:1722.46,1729.5 4 0
github.com/eshamow/gproject/cmd/web/main.go:1731.4,1732.10 2 0
github.com/eshamow/gproject/cmd/web/main.go:1734.3,1734.16 1 1
github.com/eshamow/gproject/cmd/web/main.go:1738.42,1739.42 1 0
github.com/eshamow/gproject/cmd/web/main.go:1739.42,1741.3 1 0
github.com/eshamow/gproject/cmd/web/main.go:1742.2,1742.17 1 0
github.com/eshamow/gproject/cmd/web/main.go:1745.36,1747.17 2 0
github.com/eshamow/gproject/cmd/web/main.go:1747.17,1749.32 1 0
github.com/eshamow/gproject/cmd/web/main.go:1749.32,1751.4 1 0
github.com/eshamow/gproject/cmd/web/main.go:1752.3,1752.36 1 0
github.com/eshamow/gproject/cmd/web/main.go:1752.36,1754.4 1 0
github.com/eshamow/gproject/cmd/web/main.go:1755.3,1755.30 1 0
github.com/eshamow/gproject/cmd/web/main.go:1755.30,1757.4 1 0
github.com/eshamow/gproject/cmd/web/main.go:1758.3,1758.33 1 0
github.com/eshamow/gproject/cmd/web/main.go:1758.33,1760.4 1 0
github.com/eshamow/gproject/cmd/web/main.go:1761.3,1761.32 1 0
github.com/eshamow/gproject/cmd/web/main.go:1761.32,1763.4 1 0
github.com/eshamow/gproject/cmd/web/main.go:1764.3,1764.90 1 0
github.com/eshamow/gproject/cmd/web/main.go:1766.2,1766.14 1 0
github.com/eshamow/gproject/cmd/web/main.go:1769.46,1771.40 2 1
github.com/eshamow/gproject/cmd/web/main.go:1771.40,1772.66 1 0
github.com/eshamow/gproject/cmd/web/main.go:1774.2,1774.30 1 1
github.com/eshamow/gproject/cmd/web/main.go:1778.64,1783.16 3 1
github.com/eshamow/gproject/cmd/web/main.go:1783.16,1785.3 1 0
github.com/eshamow/gproject/cmd/web/main.go:1787.2,1788.16 2 1
github.com/eshamow/gproject/cmd/web/main.go:1788.16,1790.3 1 0
github.com/eshamow/gproject/cmd/web/main.go:1792.2,1793.44 2 1
github.com/eshamow/gproject/cmd/web/main.go:1793.44,1795.3 1 0
github.com/eshamow/gproject/cmd/web/main.go:1797.2,1798.59 2 1
github.com/eshamow/gproject/cmd/web/main.go:1802.65,1804.16 2 1
github.com/eshamow/gproject/cmd/web/main.go:1804.16,1806.3 1 0
github.com/eshamow/gproject/cmd/web/main.go:1808.2,1811.16 3 1
github.com/eshamow/gproject/cmd/web/main.go:1811.16,1813.3 1 0
github.com/eshamow/gproject/cmd/web/main.go:1815.2,1816.16 2 1
github.com/eshamow/gproject/cmd/web/main.go:1816.16,1818.3 1 0
github.com/eshamow/gproject/cmd/web/main.go:1820.2,1821.27 2 1
github.com/eshamow/gproject/cmd/web/main.go:1821.27,1823.3 1 0
github.com/eshamow/gproject/cmd/web/main.go:1825.2,1827.16 3 1
github.com/eshamow/gproject/cmd/web/main.go:1827.16,1829.3 1 0
github.com/eshamow/gproject/cmd/web/main.go:1831.2,1831.31 1 1
github.com/eshamow/gproject/cmd/web/main.go:1835.60,1843.2 3 1
github.com/eshamow/gproject/cmd/web/main.go:1846.71,1847.17 1 1
github.com/eshamow/gproject/cmd/web/main.go:1847.17,1849.3 1 1
github.com/eshamow/gproject/cmd/web/main.go:1851.2,1852.16 2 1
github.com/eshamow/gproject/cmd/web/main.go:1852.16,1854.3 1 1
github.com/eshamow/gproject/cmd/web/main.go:1856.2,1862.28 3 1
github.com/eshamow/gproject/cmd/web/main.go:1866.65,1867.71 1 1
github.com/eshamow/gproject/cmd/web/main.go:1867.71,1893.45 6 1
github.com/eshamow/gproject/cmd/web/main.go:1893.45,1895.4 1 1
github.com/eshamow/gproject/cmd/web/main.go:1896.3,1899.45 2 1
github.com/eshamow/gproject/cmd/web/main.go:1899.45,1901.4 1 1
github.com/eshamow/gproject/cmd/web/main.go:1904.3,1905.22 2 1
github.com/eshamow/gproject/cmd/web/main.go:1905.22,1907.4 1 1
github.com/eshamow/gproject/cmd/web/main.go:1908.3,1910.23 2 1
github.com/eshamow/gproject/cmd/web/main.go:1915.42,1919.21 3 0
github.com/eshamow/gproject/cmd/web/main.go:1919.21,1924.17 2 0
github.com/eshamow/gproject/cmd/web/main.go:1924.17,1925.50 1 0
github.com/eshamow/gproject/cmd/web/main.go:1925.50,1927.5 1 0
github.com/eshamow/gproject/cmd/web/main.go:1931.3,1934.17 2 0
github.com/eshamow/gproject/cmd/web/main.go:1934.17,1935.50 1 0
github.com/eshamow/gproject/cmd/web/main.go:1935.50,1937.5 1 0
github.com/eshamow/gproject/cmd/web/main.go:1944.69,1951.90 3 0
github.com/eshamow/gproject/cmd/web/main.go:1951.90,1953.3 1 0
github.com/eshamow/gproject/cmd/web/main.go:1956.70,1963.91 3 0
github.com/eshamow/gproject/cmd/web/main.go:1963.91,1965.3 1 0
github.com/eshamow/gproject/cmd/web/main.go:1968.71,1975.92 3 0
github.com/eshamow/gproject/cmd/web/main.go:1975.92,1977.3 1 0
github.com/eshamow/gproject/cmd/web/main.go:1981.72,1982.18 1 1
github.com/eshamow/gproject/cmd/web/main.go:1983.22,1984.21 1 1
github.com/eshamow/gproject/cmd/web/main.go:1985.23,1986.23 1 1
github.com/eshamow/gproject/cmd/web/main.go:1987.10,1988.67 1 0
github.com/eshamow/gproject/cmd/web/main.go:1992.71,1996.38 3 0
github.com/eshamow/gproject/cmd/web/main.go:1996.38,1999.3 2 0
github.com/eshamow/gproject/cmd/web/main.go:2001.2,2002.16 2 0
github.com/eshamow/gproject/cmd/web/main.go:2002.16,2005.3 2 0
github.com/eshamow/gproject/cmd/web/main.go:2008.2,2008.44 1 0
github.com/eshamow/gproject/cmd/web/main.go:2008.44,2009.19 1 0
github.com/eshamow/gproject/cmd/web/main.go:2010.24,2011.39 1 0
github.com/eshamow/gproject/cmd/web/main.go:2012.26,2013.41 1 0
github.com/eshamow/gproject/cmd/web/main.go:2014.11,2015.68 1 0
github.com/eshamow/gproject/cmd/web/main.go:2017.3,2017.9 1 0
github.com/eshamow/gproject/cmd/web/main.go:2020.2,2020.18 1 0
github.com/eshamow/gproject/cmd/web/main.go:2021.22,2022.28 1 0
github.com/eshamow/gproject/cmd/web/main.go:2023.22,2024.31 1 0
github.com/eshamow/gproject/cmd/web/main.go:2025.25,2026.31 1 0
github.com/eshamow/gproject/cmd/web/main.go:2027.10,2028.67 1 0
github.com/eshamow/gproject/cmd/web/main.go:2032.66,2035.17 2 1
github.com/eshamow/gproject/cmd/web/main.go:2035.17,2038.3 2 0
github.com/eshamow/gproject/cmd/web/main.go:2040.2,2055.16 3 1
github.com/eshamow/gproject/cmd/web/main.go:2055.16,2058.3 2 0
github.com/eshamow/gproject/cmd/web/main.go:2059.2,2075.18 4 1
github.com/eshamow/gproject/cmd/web/main.go:2075.18,2082.17 3 1
github.com/eshamow/gproject/cmd/web/main.go:2082.17,2083.12 1 0
github.com/eshamow/gproject/cmd/web/main.go:2087.3,2087.30 1 1
github.com/eshamow/gproject/cmd/web/main.go:2090.2,2091.34 2 1
github.com/eshamow/gproject/cmd/web/main.go:2099.37,2105.2 3 1
github.com/eshamow/gproject/cmd/web/main.go:2108.41,2111.2 2 1
github.com/eshamow/gproject/cmd/web/main.go:2114.44,2116.38 2 1
github.com/eshamow/gproject/cmd/web/main.go:2116.38,2117.22 1 1
github.com/eshamow/gproject/cmd/web/main.go:2117.22,2119.4 1 1
github.com/eshamow/gproject/cmd/web/main.go:2121.2,2121.14 1 0
github.com/eshamow/gproject/cmd/web/main.go:2125.45,2127.38 2 1
github.com/eshamow/gproject/cmd/web/main.go:2127.38,2128.22 1 1
github.com/eshamow/gproject/cmd/web/main.go:2128.22,2130.4 1 1
github.com/eshamow/gproject/cmd/web/main.go:2132.2,2132.14 1 0
github.com/eshamow/gproject/cmd/web/main.go:2135.68,2138.17 2 1
github.com/eshamow/gproject/cmd/web/main.go:2138.17,2141.3 2 0
github.com/eshamow/gproject/cmd/web/main.go:2144.2,2145.19 2 1
github.com/eshamow/gproject/cmd/web/main.go:2145.19,2147.22 2 1
github.com/eshamow/gproject/cmd/web/main.go:2147.22,2149.4 1 0
github.com/eshamow/gproject/cmd/web/main.go:2151.3,2151.43 1 1
github.com/eshamow/gproject/cmd/web/main.go:2151.43,2154.4 2 0
github.com/eshamow/gproject/cmd/web/main.go:2157.2,2165.63 2 1
github.com/eshamow/gproject/cmd/web/main.go:2165.63,2168.3 2 0
github.com/eshamow/gproject/cmd/web/main.go:2171.2,2176.23 4 1
github.com/eshamow/gproject/cmd/web/main.go:2176.23,2179.3 2 0
github.com/eshamow/gproject/cmd/web/main.go:2181.2,2181.28 1 1
github.com/eshamow/gproject/cmd/web/main.go:2181.28,2184.3 2 0
github.com/eshamow/gproject/cmd/web/main.go:2186.2,2186.35 1 1
github.com/eshamow/gproject/cmd/web/main.go:2186.35,2189.3 2 0
github.com/eshamow/gproject/cmd/web/main.go:2192.2,2192.23 1 1
github.com/eshamow/gproject/cmd/web/main.go:2192.23,2194.3 1 0
github.com/eshamow/gproject/cmd/web/main.go:2194.8,2194.42 1 1
github.com/eshamow/gproject/cmd/web/main.go:2194.42,2197.3 2 0
github.com/eshamow/gproject/cmd/web/main.go:2199.2,2199.24 1 1
github.com/eshamow/gproject/cmd/web/main.go:2199.24,2201.3 1 0
github.com/eshamow/gproject/cmd/web/main.go:2201.8,2201.45 1 1
github.com/eshamow/gproject/cmd/web/main.go:2201.45,2204.3 2 0
github.com/eshamow/gproject/cmd/web/main.go:2207.2,2212.16 2 1
github.com/eshamow/gproject/cmd/web/main.go:2212.16,2215.3 2 0
github.com/eshamow/gproject/cmd/web/main.go:2217.2,2223.4 3 1
github.com/eshamow/gproject/cmd/web/main.go:2227.79,2249.26 4 0
github.com/eshamow/gproject/cmd/web/main.go:2249.26,2252.3 2 0
github.com/eshamow/gproject/cmd/web/main.go:2252.8,2252.23 1 0
github.com/eshamow/gproject/cmd/web/main.go:2252.23,2255.3 2 0
github.com/eshamow/gproject/cmd/web/main.go:2257.2,2257.23 1 0
github.com/eshamow/gproject/cmd/web/main.go:2257.23,2259.3 1 0
github.com/eshamow/gproject/cmd/web/main.go:2260.2,2260.17 1 0
github.com/eshamow/gproject/cmd/web/main.go:2260.17,2262.3 1 0
github.com/eshamow/gproject/cmd/web/main.go:2265.2,2273.16 2 0
github.com/eshamow/gproject/cmd/web/main.go:2273.16,2276.3 2 0
github.com/eshamow/gproject/cmd/web/main.go:2277.2,2291.18 4 0
github.com/eshamow/gproject/cmd/web/main.go:2291.18,2299.17 4 0
github.com/eshamow/gproject/cmd/web/main.go:2299.17,2300.12 1 0
github.com/eshamow/gproject/cmd/web/main.go:2303.3,2303.21 1 0
github.com/eshamow/gproject/cmd/web/main.go:2303.21,2305.4 1 0
github.com/eshamow/gproject/cmd/web/main.go:2307.3,2307.33 1 0
github.com/eshamow/gproject/cmd/web/main.go:2310.2,2316.37 3 0
github.com/eshamow/gproject/cmd/web/main.go:2319.82,2322.17 2 0
github.com/eshamow/gproject/cmd/web/main.go:2322.17,2325.3 2 0
github.com/eshamow/gproject/cmd/web/main.go:2328.2,2329.21 2 0
github.com/eshamow/gproject/cmd/web/main.go:2329.21,2331.3 1 0
github.com/eshamow/gproject/cmd/web/main.go:2333.2,2333.42 1 0
github.com/eshamow/gproject/cmd/web/main.go:2333.42,2336.3 2 0
github.com/eshamow/gproject/cmd/web/main.go:2338.2,2346.63 2 0
github.com/eshamow/gproject/cmd/web/main.go:2346.63,2349.3 2 0
github.com/eshamow/gproject/cmd/web/main.go:2352.2,2356.23 4 0
github.com/eshamow/gproject/cmd/web/main.go:2356.23,2359.3 2 0
github.com/eshamow/gproject/cmd/web/main.go:2361.2,2361.28 1 0
github.com/eshamow/gproject/cmd/web/main.go:2361.28,2364.3 2 0
github.com/eshamow/gproject/cmd/web/main.go:2366.2,2366.35 1 0
github.com/eshamow/gproject/cmd/web/main.go:2366.35,2369.3 2 0
github.com/eshamow/gproject/cmd/web/main.go:2371.2,2371.56 1 0
github.com/eshamow/gproject/cmd/web/main.go:2371.56,2374.3 2 0
github.com/eshamow/gproject/cmd/web/main.go:2376.2,2376.60 1 0
github.com/eshamow/gproject/cmd/web/main.go:2376.60,2379.3 2 0
github.com/eshamow/gproject/cmd/web/main.go:2382.2,2388.16 2 0
github.com/eshamow/gproject/cmd/web/main.go:2388.16,2391.3 2 0
github.com/eshamow/gproject/cmd/web/main.go:2393.2,2394.67 2 0
github.com/eshamow/gproject/cmd/web/main.go:2398.82,2401.17 2 0
github.com/eshamow/gproject/cmd/web/main.go:2401.17,2404.3 2 0
github.com/eshamow/gproject/cmd/web/main.go:2407.2,2408.21 2 0
github.com/eshamow/gproject/cmd/web/main.go:2408.21,2410.3 1 0
github.com/eshamow/gproject/cmd/web/main.go:2412.2,2412.42 1 0
github.com/eshamow/gproject/cmd/web/main.go:2412.42,2415.3 2 0
github.com/eshamow/gproject/cmd/web/main.go:2418.2,2422.16 2 0
github.com/eshamow/gproject/cmd/web/main.go:2422.16,2425.3 2 0
github.com/eshamow/gproject/cmd/web/main.go:2427.2,2428.23 2 0
github.com/eshamow/gproject/cmd/web/main.go:2428.23,2431.3 2 0
github.com/eshamow/gproject/cmd/web/main.go:2433.2,2433.37 1 0
github.com/eshamow/gproject/cmd/web/main.go:2437.89,2442.63 2 0
github.com/eshamow/gproject/cmd/web/main.go:2442.63,2445.3 2 0
github.com/eshamow/gproject/cmd/web/main.go:2447.2,2451.16 2 0
github.com/eshamow/gproject/cmd/web/main.go:2451.16,2454.3 2 0
github.com/eshamow/gproject/cmd/web/main.go:2456.2,2459.4 2 0
github.com/eshamow/gproject/cmd/web/main.go:2462.91,2464.22 2 0
github.com/eshamow/gproject/cmd/web/main.go:2464.22,2467.3 2 0
github.com/eshamow/gproject/cmd/web/main.go:2469.2,2470.16 2 0
github.com/eshamow/gproject/cmd/web/main.go:2470.16,2473.3 2 0
github.com/eshamow/gproject/cmd/web/main.go:2475.2,2479.16 2 0
github.com/eshamow/gproject/cmd/web/main.go:2479.16,2482.3 2 0
github.com/eshamow/gproject/cmd/web/main.go:2484.2,2487.4 2 0
github.com/eshamow/gproject/cmd/web/main.go:2491.73,2492.18 1 1
github.com/eshamow/gproject/cmd/web/main.go:2493.22,2494.22 1 1
github.com/eshamow/gproject/cmd/web/main.go:2495.23,2496.24 1 1
github.com/eshamow/gproject/cmd/web/main.go:2497.10,2498.67 1 0
github.com/eshamow/gproject/cmd/web/main.go:2502.72,2506.38 3 0
github.com/eshamow/gproject/cmd/web/main.go:2506.38,2509.3 2 0
github.com/eshamow/gproject/cmd/web/main.go:2511.2,2512.16 2 0
github.com/eshamow/gproject/cmd/web/main.go:2512.16,2515.3 2 0
github.com/eshamow/gproject/cmd/web/main.go:2518.2,2518.43 1 0
github.com/eshamow/gproject/cmd/web/main.go:2518.43,2519.19 1 0
github.com/eshamow/gproject/cmd/web/main.go:2520.24,2521.40 1 0
github.com/eshamow/gproject/cmd/web/main.go:2522.26,2523.42 1 0
github.com/eshamow/gproject/cmd/web/main.go:2524.11,2525.68 1 0
github.com/eshamow/gproject/cmd/web/main.go:2527.3,2527.9 1 0
github.com/eshamow/gproject/cmd/web/main.go:2530.2,2530.18 1 0
github.com/eshamow/gproject/cmd/web/main.go:2531.22,2532.30 1 0
github.com/eshamow/gproject/cmd/web/main.go:2533.22,2534.33 1 0
github.com/eshamow/gproject/cmd/web/main.go:2535.25,2536.33 1 0
github.com/eshamow/gproject/cmd/web/main.go:2537.10,2538.67 1 0
github.com/eshamow/gproject/cmd/web/main.go:2542.67,2555.16 3 1
github.com/eshamow/gproject/cmd/web/main.go:2555.16,2558.3 2 0
github.com/eshamow/gproject/cmd/web/main.go:2559.2,2573.18 4 1
github.com/eshamow/gproject/cmd/web/main.go:2573.18,2581.17 4 1
github.com/eshamow/gproject/cmd/web/main.go:2581.17,2584.4 2 0
github.com/eshamow/gproject/cmd/web/main.go:2586.3,2586.24 1 1
github.com/eshamow/gproject/cmd/web/main.go:2586.24,2588.4 1 1
github.com/eshamow/gproject/cmd/web/main.go:2589.3,2589.20 1 1
github.com/eshamow/gproject/cmd/web/main.go:2589.20,2591.4 1 1
github.com/eshamow/gproject/cmd/web/main.go:2593.3,2593.33 1 1
github.com/eshamow/gproject/cmd/web/main.go:2596.2,2597.35 2 1
github.com/eshamow/gproject/cmd/web/main.go:2600.69,2603.17 2 1
github.com/eshamow/gproject/cmd/web/main.go:2603.17,2606.3 2 0
github.com/eshamow/gproject/cmd/web/main.go:2609.2,2610.21 2 1
github.com/eshamow/gproject/cmd/web/main.go:2610.21,2612.3 1 0
github.com/eshamow/gproject/cmd/web/main.go:2614.2,2614.42 1 1
github.com/eshamow/gproject/cmd/web/main.go:2614.42,2617.3 2 0
github.com/eshamow/gproject/cmd/web/main.go:2619.2,2626.63 2 1
github.com/eshamow/gproject/cmd/web/main.go:2626.63,2629.3 2 0
github.com/eshamow/gproject/cmd/web/main.go:2632.2,2636.22 4 1
github.com/eshamow/gproject/cmd/web/main.go:2636.22,2639.3 2 0
github.com/eshamow/gproject/cmd/web/main.go:2641.2,2641.27 1 1
github.com/eshamow/gproject/cmd/web/main.go:2641.27,2644.3 2 0
github.com/eshamow/gproject/cmd/web/main.go:2646.2,2646.35 1 1
github.com/eshamow/gproject/cmd/web/main.go:2646.35,2649.3 2 0
github.com/eshamow/gproject/cmd/web/main.go:2651.2,2651.24 1 1
github.com/eshamow/gproject/cmd/web/main.go:2651.24,2653.3 1 0
github.com/eshamow/gproject/cmd/web/main.go:2653.8,2653.46 1 1
github.com/eshamow/gproject/cmd/web/main.go:2653.46,2656.3 2 0
github.com/eshamow/gproject/cmd/web/main.go:2659.2,2664.16 2 1
github.com/eshamow/gproject/cmd/web/main.go:2664.16,2667.3 2 0
github.com/eshamow/gproject/cmd/web/main.go:2669.2,2675.4 3 1
github.com/eshamow/gproject/cmd/web/main.go:2679.81,2700.26 4 0
github.com/eshamow/gproject/cmd/web/main.go:2700.26,2703.3 2 0
github.com/eshamow/gproject/cmd/web/main.go:2703.8,2703.23 1 0
github.com/eshamow/gproject/cmd/web/main.go:2703.23,2706.3 2 0
github.com/eshamow/gproject/cmd/web/main.go:2708.2,2708.23 1 0
github.com/eshamow/gproject/cmd/web/main.go:2708.23,2710.3 1 0
github.com/eshamow/gproject/cmd/web/main.go:2711.2,2711.19 1 0
github.com/eshamow/gproject/cmd/web/main.go:2711.19,2713.3 1 0
github.com/eshamow/gproject/cmd/web/main.go:2716.2,2724.16 2 0
github.com/eshamow/gproject/cmd/web/main.go:2724.16,2727.3 2 0
github.com/eshamow/gproject/cmd/web/main.go:2728.2,2740.18 4 0
github.com/eshamow/gproject/cmd/web/main.go:2740.18,2748.17 4 0
github.com/eshamow/gproject/cmd/web/main.go:2748.17,2749.12 1 0
github.com/eshamow/gproject/cmd/web/main.go:2752.3,2752.21 1 0
github.com/eshamow/gproject/cmd/web/main.go:2752.21,2754.4 1 0
github.com/eshamow/gproject/cmd/web/main.go:2755.3,2755.22 1 0
github.com/eshamow/gproject/cmd/web/main.go:2755.22,2757.4 1 0
github.com/eshamow/gproject/cmd/web/main.go:2759.3,2759.30 1 0
github.com/eshamow/gproject/cmd/web/main.go:2762.2,2768.37 3 0
github.com/eshamow/gproject/cmd/web/main.go:2771.84,2779.63 2 0
github.com/eshamow/gproject/cmd/web/main.go:2779.63,2782.3 2 0
github.com/eshamow/gproject/cmd/web/main.go:2784.2,2790.16 2 0
github.com/eshamow/gproject/cmd/web/main.go:2790.16,2793.3 2 0
github.com/eshamow/gproject/cmd/web/main.go:2795.2,2798.4 2 0
github.com/eshamow/gproject/cmd/web/main.go:2801.84,2804.17 2 0
github.com/eshamow/gproject/cmd/web/main.go:2804.17,2807.3 2 0
github.com/eshamow/gproject/cmd/web/main.go:2810.2,2811.21 2 0
github.com/eshamow/gproject/cmd/web/main.go:2811.21,2813.3 1 0
github.com/eshamow/gproject/cmd/web/main.go:2815.2,2815.42 1 0
github.com/eshamow/gproject/cmd/web/main.go:2815.42,2818.3 2 0
github.com/eshamow/gproject/cmd/web/main.go:2821.2,2825.16 2 0
github.com/eshamow/gproject/cmd/web/main.go:2825.16,2828.3 2 0
github.com/eshamow/gproject/cmd/web/main.go:2830.2,2831.23 2 0
github.com/eshamow/gproject/cmd/web/main.go:2831.23,2834.3 2 0
github.com/eshamow/gproject/cmd/web/main.go:2836.2,2836.37 1 0
github.com/eshamow/gproject/cmd/web/main.go:2840.90,2845.63 2 0
github.com/eshamow/gproject/cmd/web/main.go:2845.63,2848.3 2 0
github.com/eshamow/gproject/cmd/web/main.go:2850.2,2854.16 2 0
github.com/eshamow/gproject/cmd/web/main.go:2854.16,2857.3 2 0
github.com/eshamow/gproject/cmd/web/main.go:2859.2,2862.4 2 0
github.com/eshamow/gproject/cmd/web/main.go:2865.92,2867.21 2 0
github.com/eshamow/gproject/cmd/web/main.go:2867.21,2870.3 2 0
github.com/eshamow/gproject/cmd/web/main.go:2872.2,2873.16 2 0
github.com/eshamow/gproject/cmd/web/main.go:2873.16,2876.3 2 0
github.com/eshamow/gproject/cmd/web/main.go:2878.2,2882.16 2 0
github.com/eshamow/gproject/cmd/web/main.go:2882.16,2885.3 2 0
github.com/eshamow/gproject/cmd/web/main.go:2887.2,2890.4 2 0
github.com/eshamow/gproject/cmd/web/main.go:2894.74,2897.20 2 1
github.com/eshamow/gproject/cmd/web/main.go:2898.17,2899.29 1 1
github.com/eshamow/gproject/cmd/web/main.go:2900.18,2901.28 1 0
github.com/eshamow/gproject/cmd/web/main.go:2902.18,2903.28 1 0
github.com/eshamow/gproject/cmd/web/main.go:2904.10,2905.29 1 0
github.com/eshamow/gproject/cmd/web/main.go:2909.74,2944.29 13 1
github.com/eshamow/gproject/cmd/web/main.go:2944.29,2946.3 1 1
github.com/eshamow/gproject/cmd/web/main.go:2949.2,2973.16 4 1
github.com/eshamow/gproject/cmd/web/main.go:2973.16,2975.23 2 1
github.com/eshamow/gproject/cmd/web/main.go:2975.23,2979.28 4 0
github.com/eshamow/gproject/cmd/web/main.go:2979.28,2981.5 1 0
github.com/eshamow/gproject/cmd/web/main.go:2982.4,2982.37 1 0
github.com/eshamow/gproject/cmd/web/main.go:2986.2,2992.37 3 1
github.com/eshamow/gproject/cmd/web/main.go:2995.73,3010.16 3 0
github.com/eshamow/gproject/cmd/web/main.go:3010.16,3013.3 2 0
github.com/eshamow/gproject/cmd/web/main.go:3014.2,3022.18 4 0
github.com/eshamow/gproject/cmd/web/main.go:3022.18,3026.3 3 0
github.com/eshamow/gproject/cmd/web/main.go:3028.2,3029.33 2 0
github.com/eshamow/gproject/cmd/web/main.go:3032.73,3047.16 3 0
github.com/eshamow/gproject/cmd/web/main.go:3047.16,3050.3 2 0
github.com/eshamow/gproject/cmd/web/main.go:3051.2,3059.18 4 0
github.com/eshamow/gproject/cmd/web/main.go:3059.18,3063.3 3 0
github.com/eshamow/gproject/cmd/web/main.go:3066.2,3067.25 2 0
github.com/eshamow/gproject/cmd/web/main.go:3067.25,3069.3 1 0
github.com/eshamow/gproject/cmd/web/main.go:3071.2,3072.19 2 0
github.com/eshamow/gproject/cmd/web/main.go:3072.19,3074.3 1 0
github.com/eshamow/gproject/cmd/web/main.go:3076.2,3082.37 3 0
github.com/eshamow/gproject/cmd/web/main.go:3085.32,3234.43 2 1
github.com/eshamow/gproject/cmd/web/main.go:3234.43,3236.3 1 0
github.com/eshamow/gproject/cmd/web/main.go:3238.2,3238.46 1 1
